# JRE version: OpenJDK Runtime Environment (17.0.7) (build 17.0.7+0-b2043.56-10550314)
# Java VM: OpenJDK 64-Bit Server VM (17.0.7+0-b2043.56-10550314, mixed mode, tiered, compressed oops, compressed class ptrs, g1 gc, windows-amd64)
GC Precious Log:
 CPUs: 8 total, 8 available
 Memory: 16231M
 Large Page Support: Disabled
 NUMA Support: Disabled
 Compressed Oops: Enabled (32-bit)
 Heap Region Size: 1M
 Heap Min Capacity: 8M
 Heap Initial Capacity: 254M
 Heap Max Capacity: 2G
 Pre-touch: Disabled
 Parallel Workers: 8
 Concurrent Workers: 2
 Concurrent Refinement Workers: 8
 Periodic GC: Disabled
Heap:
 garbage-first heap   total 252928K, used 147959K [0x0000000080000000, 0x0000000100000000)
  region size 1024K, 4 young (4096K), 1 survivors (1024K)
 Metaspace       used 124649K, committed 125632K, reserved 1179648K
  class space    used 17380K, committed 17856K, reserved 1048576K
GC Heap History (20 events):
Event: 8.697 GC heap before
{Heap before GC invocations=29 (full 0):
 garbage-first heap   total 242688K, used 191232K [0x0000000080000000, 0x0000000100000000)
  region size 1024K, 99 young (101376K), 14 survivors (14336K)
 Metaspace       used 99277K, committed 100032K, reserved 1179648K
  class space    used 13776K, committed 14144K, reserved 1048576K
}
Event: 8.707 GC heap after
{Heap after GC invocations=30 (full 0):
 garbage-first heap   total 242688K, used 113709K [0x0000000080000000, 0x0000000100000000)
  region size 1024K, 9 young (9216K), 9 survivors (9216K)
 Metaspace       used 99277K, committed 100032K, reserved 1179648K
  class space    used 13776K, committed 14144K, reserved 1048576K
}
Event: 9.050 GC heap before
{Heap before GC invocations=30 (full 0):
 garbage-first heap   total 242688K, used 192557K [0x0000000080000000, 0x0000000100000000)
  region size 1024K, 87 young (89088K), 9 survivors (9216K)
 Metaspace       used 99796K, committed 100608K, reserved 1179648K
  class space    used 13818K, committed 14208K, reserved 1048576K
}
Event: 9.056 GC heap after
{Heap after GC invocations=31 (full 0):
 garbage-first heap   total 242688K, used 118986K [0x0000000080000000, 0x0000000100000000)
  region size 1024K, 8 young (8192K), 8 survivors (8192K)
 Metaspace       used 99796K, committed 100608K, reserved 1179648K
  class space    used 13818K, committed 14208K, reserved 1048576K
}
Event: 9.526 GC heap before
{Heap before GC invocations=31 (full 0):
 garbage-first heap   total 242688K, used 194762K [0x0000000080000000, 0x0000000100000000)
  region size 1024K, 83 young (84992K), 8 survivors (8192K)
 Metaspace       used 103253K, committed 104064K, reserved 1179648K
  class space    used 14253K, committed 14656K, reserved 1048576K
}
Event: 9.534 GC heap after
{Heap after GC invocations=32 (full 0):
 garbage-first heap   total 242688K, used 123978K [0x0000000080000000, 0x0000000100000000)
  region size 1024K, 8 young (8192K), 8 survivors (8192K)
 Metaspace       used 103253K, committed 104064K, reserved 1179648K
  class space    used 14253K, committed 14656K, reserved 1048576K
}
Event: 14.677 GC heap before
{Heap before GC invocations=33 (full 0):
 garbage-first heap   total 242688K, used 200778K [0x0000000080000000, 0x0000000100000000)
  region size 1024K, 79 young (80896K), 8 survivors (8192K)
 Metaspace       used 106425K, committed 107264K, reserved 1179648K
  class space    used 14692K, committed 15104K, reserved 1048576K
}
Event: 14.683 GC heap after
{Heap after GC invocations=34 (full 0):
 garbage-first heap   total 242688K, used 128311K [0x0000000080000000, 0x0000000100000000)
  region size 1024K, 6 young (6144K), 6 survivors (6144K)
 Metaspace       used 106425K, committed 107264K, reserved 1179648K
  class space    used 14692K, committed 15104K, reserved 1048576K
}
Event: 14.729 GC heap before
{Heap before GC invocations=34 (full 0):
 garbage-first heap   total 242688K, used 132407K [0x0000000080000000, 0x0000000100000000)
  region size 1024K, 11 young (11264K), 6 survivors (6144K)
 Metaspace       used 106904K, committed 107776K, reserved 1179648K
  class space    used 14749K, committed 15168K, reserved 1048576K
}
Event: 14.732 GC heap after
{Heap after GC invocations=35 (full 0):
 garbage-first heap   total 242688K, used 127244K [0x0000000080000000, 0x0000000100000000)
  region size 1024K, 2 young (2048K), 2 survivors (2048K)
 Metaspace       used 106904K, committed 107776K, reserved 1179648K
  class space    used 14749K, committed 15168K, reserved 1048576K
}
Event: 15.359 GC heap before
{Heap before GC invocations=35 (full 0):
 garbage-first heap   total 242688K, used 196876K [0x0000000080000000, 0x0000000100000000)
  region size 1024K, 71 young (72704K), 2 survivors (2048K)
 Metaspace       used 117217K, committed 118144K, reserved 1179648K
  class space    used 16275K, committed 16768K, reserved 1048576K
}
Event: 15.361 GC heap after
{Heap after GC invocations=36 (full 0):
 garbage-first heap   total 242688K, used 128204K [0x0000000080000000, 0x0000000100000000)
  region size 1024K, 2 young (2048K), 2 survivors (2048K)
 Metaspace       used 117217K, committed 118144K, reserved 1179648K
  class space    used 16275K, committed 16768K, reserved 1048576K
}
Event: 111.179 GC heap before
{Heap before GC invocations=37 (full 0):
 garbage-first heap   total 242688K, used 230604K [0x0000000080000000, 0x0000000100000000)
  region size 1024K, 73 young (74752K), 2 survivors (2048K)
 Metaspace       used 123244K, committed 124160K, reserved 1179648K
  class space    used 17317K, committed 17792K, reserved 1048576K
}
Event: 111.184 GC heap after
{Heap after GC invocations=38 (full 0):
 garbage-first heap   total 242688K, used 132010K [0x0000000080000000, 0x0000000100000000)
  region size 1024K, 6 young (6144K), 6 survivors (6144K)
 Metaspace       used 123244K, committed 124160K, reserved 1179648K
  class space    used 17317K, committed 17792K, reserved 1048576K
}
Event: 111.192 GC heap before
{Heap before GC invocations=38 (full 0):
 garbage-first heap   total 242688K, used 137130K [0x0000000080000000, 0x0000000100000000)
  region size 1024K, 11 young (11264K), 6 survivors (6144K)
 Metaspace       used 123244K, committed 124160K, reserved 1179648K
  class space    used 17317K, committed 17792K, reserved 1048576K
}
Event: 111.196 GC heap after
{Heap after GC invocations=39 (full 0):
 garbage-first heap   total 242688K, used 130930K [0x0000000080000000, 0x0000000100000000)
  region size 1024K, 1 young (1024K), 1 survivors (1024K)
 Metaspace       used 123244K, committed 124160K, reserved 1179648K
  class space    used 17317K, committed 17792K, reserved 1048576K
}
Event: 111.745 GC heap before
{Heap before GC invocations=39 (full 0):
 garbage-first heap   total 242688K, used 202610K [0x0000000080000000, 0x0000000100000000)
  region size 1024K, 71 young (72704K), 1 survivors (1024K)
 Metaspace       used 123920K, committed 124800K, reserved 1179648K
  class space    used 17336K, committed 17792K, reserved 1048576K
}
Event: 111.750 GC heap after
{Heap after GC invocations=40 (full 0):
 garbage-first heap   total 242688K, used 139211K [0x0000000080000000, 0x0000000100000000)
  region size 1024K, 9 young (9216K), 9 survivors (9216K)
 Metaspace       used 123920K, committed 124800K, reserved 1179648K
  class space    used 17336K, committed 17792K, reserved 1048576K
}
Event: 116.850 GC heap before
{Heap before GC invocations=40 (full 0):
 garbage-first heap   total 242688K, used 200651K [0x0000000080000000, 0x0000000100000000)
  region size 1024K, 70 young (71680K), 9 survivors (9216K)
 Metaspace       used 124314K, committed 125248K, reserved 1179648K
  class space    used 17359K, committed 17856K, reserved 1048576K
}
Event: 116.857 GC heap after
{Heap after GC invocations=41 (full 0):
 garbage-first heap   total 242688K, used 145310K [0x0000000080000000, 0x0000000100000000)
  region size 1024K, 7 young (7168K), 7 survivors (7168K)
 Metaspace       used 124314K, committed 125248K, reserved 1179648K
  class space    used 17359K, committed 17856K, reserved 1048576K
}

